This is pdfTeX, Version 3.1415926-1.40.10 (TeX Live 2009/Debian) (format=latex 2012.2.15)  7 NOV 2012 12:59
entering extended mode
 %&-line parsing enabled.
**narrative
(./narrative.tex
LaTeX2e <2009/09/24>
Babel <v3.8l> and hyphenation patterns for english, usenglishmax, dumylang, noh
yphenation, loaded.
(/usr/share/texmf-texlive/tex/latex/base/article.cls
Document Class: article 2007/10/19 v1.4h Standard LaTeX document class
(/usr/share/texmf-texlive/tex/latex/base/size12.clo
File: size12.clo 2007/10/19 v1.4h Standard LaTeX file (size option)
)
\c@part=\count79
\c@section=\count80
\c@subsection=\count81
\c@subsubsection=\count82
\c@paragraph=\count83
\c@subparagraph=\count84
\c@figure=\count85
\c@table=\count86
\abovecaptionskip=\skip41
\belowcaptionskip=\skip42
\bibindent=\dimen102
)
(/usr/share/texmf-texlive/tex/latex/graphics/graphicx.sty
Package: graphicx 1999/02/16 v1.0f Enhanced LaTeX Graphics (DPC,SPQR)

(/usr/share/texmf-texlive/tex/latex/graphics/keyval.sty
Package: keyval 1999/03/16 v1.13 key=value parser (DPC)
\KV@toks@=\toks14
)
(/usr/share/texmf-texlive/tex/latex/graphics/graphics.sty
Package: graphics 2009/02/05 v1.0o Standard LaTeX Graphics (DPC,SPQR)

(/usr/share/texmf-texlive/tex/latex/graphics/trig.sty
Package: trig 1999/03/16 v1.09 sin cos tan (DPC)
)
(/etc/texmf/tex/latex/config/graphics.cfg
File: graphics.cfg 2009/08/28 v1.8 graphics configuration of TeX Live
)
Package graphics Info: Driver file: dvips.def on input line 91.

(/usr/share/texmf-texlive/tex/latex/graphics/dvips.def
File: dvips.def 1999/02/16 v3.0i Driver-dependant file (DPC,SPQR)
))
\Gin@req@height=\dimen103
\Gin@req@width=\dimen104
)
(/usr/share/texmf-texlive/tex/latex/geometry/geometry.sty
Package: geometry 2008/12/21 v4.2 Page Geometry

(/usr/share/texmf-texlive/tex/generic/oberdiek/ifpdf.sty
Package: ifpdf 2009/04/10 v2.0 Provides the ifpdf switch (HO)
Package ifpdf Info: pdfTeX in pdf mode not detected.
)
(/usr/share/texmf-texlive/tex/generic/oberdiek/ifvtex.sty
Package: ifvtex 2008/11/04 v1.4 Switches for detecting VTeX and its modes (HO)
Package ifvtex Info: VTeX not detected.
)
\Gm@cnth=\count87
\Gm@cntv=\count88
\c@Gm@tempcnt=\count89
\Gm@bindingoffset=\dimen105
\Gm@wd@mp=\dimen106
\Gm@odd@mp=\dimen107
\Gm@even@mp=\dimen108
\Gm@dimlist=\toks15
) (./deluxetable.sty
Package: deluxetable 
\pt@box=\box26
\pt@width=\dimen109
\pt@line=\count90
\pt@column=\count91
\pt@nlines=\count92
\pt@ncol=\count93
\pt@page=\count94
\pt@tmpcapwidth=\dimen110
) (/usr/share/texmf-texlive/tex/latex/tools/verbatim.sty
Package: verbatim 2003/08/22 v1.5q LaTeX2e package for verbatim enhancements
\every@verbatim=\toks16
\verbatim@line=\toks17
\verbatim@in@stream=\read1
)
(/usr/share/texmf-texlive/tex/latex/natbib/natbib.sty
Package: natbib 2009/07/16 8.31 (PWD, AO)
\bibhang=\skip43
\bibsep=\skip44
LaTeX Info: Redefining \cite on input line 694.
\c@NAT@ctr=\count95
) (./aasdef.tex)
(./narrative.aux)
\openout1 = `narrative.aux'.

LaTeX Font Info:    Checking defaults for OML/cmm/m/it on input line 35.
LaTeX Font Info:    ... okay on input line 35.
LaTeX Font Info:    Checking defaults for T1/cmr/m/n on input line 35.
LaTeX Font Info:    ... okay on input line 35.
LaTeX Font Info:    Checking defaults for OT1/cmr/m/n on input line 35.
LaTeX Font Info:    ... okay on input line 35.
LaTeX Font Info:    Checking defaults for OMS/cmsy/m/n on input line 35.
LaTeX Font Info:    ... okay on input line 35.
LaTeX Font Info:    Checking defaults for OMX/cmex/m/n on input line 35.
LaTeX Font Info:    ... okay on input line 35.
LaTeX Font Info:    Checking defaults for U/cmr/m/n on input line 35.
LaTeX Font Info:    ... okay on input line 35.

*geometry detected driver: dvips*
-------------------- Geometry parameters
paper: class default
landscape: --
twocolumn: --
twoside: --
asymmetric: --
h-parts: 72.26999pt, 469.75502pt, 72.26999pt
v-parts: 72.26999pt, 650.43001pt, 72.26999pt
hmarginratio: --
vmarginratio: --
lines: --
heightrounded: --
bindingoffset: 0.0pt
truedimen: --
includehead: --
includefoot: --
includemp: --
driver: dvips
-------------------- Page layout dimensions and switches
\paperwidth  614.295pt
\paperheight 794.96999pt
\textwidth  469.75502pt
\textheight 650.43001pt
\oddsidemargin  0.0pt
\evensidemargin 0.0pt
\topmargin  -37.0pt
\headheight 12.0pt
\headsep    25.0pt
\footskip   30.0pt
\marginparwidth 44.0pt
\marginparsep   10.0pt
\columnsep  10.0pt
\skip\footins  10.8pt plus 4.0pt minus 2.0pt
\hoffset 0.0pt
\voffset 0.0pt
\mag 1000

(1in=72.27pt, 1cm=28.45pt)
-----------------------
[1

] [2] [3] [4] [5] [6] [7] [8] [9] [10] [11] [12] (./narrative.toc
LaTeX Font Info:    External font `cmex10' loaded for size
(Font)              <12> on input line 7.
LaTeX Font Info:    External font `cmex10' loaded for size
(Font)              <8> on input line 7.
LaTeX Font Info:    External font `cmex10' loaded for size
(Font)              <6> on input line 7.
)
\tf@toc=\write3
\openout3 = `narrative.toc'.

 [13]
LaTeX Font Info:    External font `cmex10' loaded for size
(Font)              <14.4> on input line 110.
LaTeX Font Info:    External font `cmex10' loaded for size
(Font)              <7> on input line 110.

[14] [15]
File: mass-rich-plot.eps Graphic file (type eps)
 <mass-rich-plot.eps>
File: s8_Om.ps Graphic file (type eps)
 <s8_Om.ps> [16] [17]
File: mcbayes-get01r05r06r07r08-yr-0.050-0.050-frac.eps Graphic file (type eps)


<mcbayes-get01r05r06r07r08-yr-0.050-0.050-frac.eps>
File: mcbayes-gdt02r11-yr-0.050-0.050-frac.eps Graphic file (type eps)

<mcbayes-gdt02r11-yr-0.050-0.050-frac.eps> [18] [19]
LaTeX Font Info:    Try loading font information for OMS+cmr on input line 441.


(/usr/share/texmf-texlive/tex/latex/base/omscmr.fd
File: omscmr.fd 1999/05/25 v2.5h Standard LaTeX font definitions
)
LaTeX Font Info:    Font shape `OMS/cmr/m/n' in size <12> not available
(Font)              Font shape `OMS/cmsy/m/n' tried instead on input line 441.

Table 1 has been set to width 333.43573pt
[20] [21] [22] (./cost.tex
LaTeX Font Info:    External font `cmex10' loaded for size
(Font)              <10.95> on input line 16.

Table 2 has been set to width 403.7999pt
) [23] [24] [25

] [26]
Underfull \hbox (badness 10000) in paragraph at lines 845--852

 []


Overfull \hbox (3.21407pt too wide) in paragraph at lines 908--908
[]\OT1/cmr/m/n/12 10| 
 []


Underfull \hbox (badness 10000) in paragraph at lines 922--922

 []


Overfull \hbox (13.45111pt too wide) in paragraph at lines 917--923
$[]$ [] 
 []

[27]
Underfull \hbox (badness 10000) in paragraph at lines 927--932

 []


Underfull \hbox (badness 10000) in paragraph at lines 927--932

 []

(./collab.tex)
Underfull \hbox (badness 10000) in paragraph at lines 933--935

 []

[28]
Missing character: There is no â in font cmr12!
Missing character: There is no € in font cmr12!
Missing character: There is no “ in font cmr12!

Overfull \hbox (187.14142pt too wide) in alignment at lines 949--955
[][]
 []

[29] (./narrative.bbl [30] [31]
Underfull \hbox (badness 10000) in paragraph at lines 182--185
[]\OT1/cmr/m/n/12 Planck Col-lab-o-ra-tion.  The Planck Sci-ence Case (Blue-boo
k).
 []

) [32] [33] [34] (./narrative.aux) ) 
Here is how much of TeX's memory you used:
 1714 strings out of 495062
 21616 string characters out of 1182644
 78298 words of memory out of 3000000
 4900 multiletter control sequences out of 15000+50000
 10725 words of font info for 37 fonts, out of 3000000 for 9000
 28 hyphenation exceptions out of 8191
 25i,9n,32p,694b,307s stack positions out of 5000i,500n,10000p,200000b,50000s

Output written on narrative.dvi (34 pages, 65164 bytes).
